<?xml version="1.0" encoding="UTF-8"?>
<!-- Generated by org.testng.reporters.JUnitXMLReporter -->
<testsuite hostname="Mahi-PC" ignored="0" name="ChromeTest" tests="1" failures="1" timestamp="30 Nov 2017 09:59:38 GMT" time="0.053" errors="0">
  <testcase name="login" time="0.019" classname="testngg.ParallelBrowser">
    <failure type="java.lang.NullPointerException">
      <![CDATA[java.lang.NullPointerException
	at testngg.ParallelBrowser.login(ParallelBrowser.java:35)
	at java.util.concurrent.FutureTask.run(Unknown Source)
	at java.util.concurrent.ThreadPoolExecutor.runWorker(Unknown Source)
	at java.util.concurrent.ThreadPoolExecutor$Worker.run(Unknown Source)
	at java.lang.Thread.run(Unknown Source)
... Removed 16 stack frames]]>
    </failure>
  </testcase> <!-- login -->
</testsuite> <!-- ChromeTest -->
